# JRE version: Java(TM) SE Runtime Environment (17.0.12+8) (build 17.0.12+8-LTS-286)
# Java VM: Java HotSpot(TM) 64-Bit Server VM (17.0.12+8-LTS-286, mixed mode, sharing, tiered, compressed oops, compressed class ptrs, g1 gc, windows-amd64)
GC Precious Log:
 CPUs: 12 total, 12 available
 Memory: 15741M
 Large Page Support: Disabled
 NUMA Support: Disabled
 Compressed Oops: Enabled (Zero based)
 Heap Region Size: 2M
 Heap Min Capacity: 8M
 Heap Initial Capacity: 246M
 Heap Max Capacity: 3936M
 Pre-touch: Disabled
 Parallel Workers: 10
 Concurrent Workers: 3
 Concurrent Refinement Workers: 10
 Periodic GC: Disabled
Heap:
 garbage-first heap   total 268288K, used 227257K [0x000000070a000000, 0x0000000800000000)
  region size 2048K, 64 young (131072K), 6 survivors (12288K)
 Metaspace       used 52085K, committed 52736K, reserved 1114112K
  class space    used 5734K, committed 6016K, reserved 1048576K
GC Heap History (20 events):
Event: 12.631 GC heap before
{Heap before GC invocations=24 (full 0):
 garbage-first heap   total 139264K, used 104261K [0x000000070a000000, 0x0000000800000000)
  region size 2048K, 22 young (45056K), 1 survivors (2048K)
 Metaspace       used 36719K, committed 37568K, reserved 1114112K
  class space    used 4099K, committed 4416K, reserved 1048576K
}
Event: 12.638 GC heap after
{Heap after GC invocations=25 (full 0):
 garbage-first heap   total 139264K, used 71680K [0x000000070a000000, 0x0000000800000000)
  region size 2048K, 3 young (6144K), 3 survivors (6144K)
 Metaspace       used 36719K, committed 37568K, reserved 1114112K
  class space    used 4099K, committed 4416K, reserved 1048576K
}
Event: 12.664 GC heap before
{Heap before GC invocations=25 (full 0):
 garbage-first heap   total 139264K, used 73728K [0x000000070a000000, 0x0000000800000000)
  region size 2048K, 4 young (8192K), 3 survivors (6144K)
 Metaspace       used 36725K, committed 37568K, reserved 1114112K
  class space    used 4099K, committed 4416K, reserved 1048576K
}
Event: 12.670 GC heap after
{Heap after GC invocations=26 (full 0):
 garbage-first heap   total 139264K, used 60561K [0x000000070a000000, 0x0000000800000000)
  region size 2048K, 1 young (2048K), 1 survivors (2048K)
 Metaspace       used 36725K, committed 37568K, reserved 1114112K
  class space    used 4099K, committed 4416K, reserved 1048576K
}
Event: 12.692 GC heap before
{Heap before GC invocations=26 (full 0):
 garbage-first heap   total 139264K, used 64657K [0x000000070a000000, 0x0000000800000000)
  region size 2048K, 3 young (6144K), 1 survivors (2048K)
 Metaspace       used 36725K, committed 37568K, reserved 1114112K
  class space    used 4099K, committed 4416K, reserved 1048576K
}
Event: 12.695 GC heap after
{Heap after GC invocations=27 (full 0):
 garbage-first heap   total 139264K, used 59258K [0x000000070a000000, 0x0000000800000000)
  region size 2048K, 1 young (2048K), 1 survivors (2048K)
 Metaspace       used 36725K, committed 37568K, reserved 1114112K
  class space    used 4099K, committed 4416K, reserved 1048576K
}
Event: 13.206 GC heap before
{Heap before GC invocations=27 (full 0):
 garbage-first heap   total 139264K, used 98170K [0x000000070a000000, 0x0000000800000000)
  region size 2048K, 21 young (43008K), 1 survivors (2048K)
 Metaspace       used 37723K, committed 38208K, reserved 1114112K
  class space    used 4222K, committed 4416K, reserved 1048576K
}
Event: 13.211 GC heap after
{Heap after GC invocations=28 (full 0):
 garbage-first heap   total 139264K, used 64028K [0x000000070a000000, 0x0000000800000000)
  region size 2048K, 3 young (6144K), 3 survivors (6144K)
 Metaspace       used 37723K, committed 38208K, reserved 1114112K
  class space    used 4222K, committed 4416K, reserved 1048576K
}
Event: 13.480 GC heap before
{Heap before GC invocations=28 (full 0):
 garbage-first heap   total 139264K, used 102940K [0x000000070a000000, 0x0000000800000000)
  region size 2048K, 22 young (45056K), 3 survivors (6144K)
 Metaspace       used 38467K, committed 38912K, reserved 1114112K
  class space    used 4303K, committed 4480K, reserved 1048576K
}
Event: 13.484 GC heap after
{Heap after GC invocations=29 (full 0):
 garbage-first heap   total 139264K, used 65013K [0x000000070a000000, 0x0000000800000000)
  region size 2048K, 1 young (2048K), 1 survivors (2048K)
 Metaspace       used 38467K, committed 38912K, reserved 1114112K
  class space    used 4303K, committed 4480K, reserved 1048576K
}
Event: 13.889 GC heap before
{Heap before GC invocations=29 (full 0):
 garbage-first heap   total 139264K, used 101877K [0x000000070a000000, 0x0000000800000000)
  region size 2048K, 20 young (40960K), 1 survivors (2048K)
 Metaspace       used 38721K, committed 39232K, reserved 1114112K
  class space    used 4317K, committed 4544K, reserved 1048576K
}
Event: 13.893 GC heap after
{Heap after GC invocations=30 (full 0):
 garbage-first heap   total 268288K, used 65904K [0x000000070a000000, 0x0000000800000000)
  region size 2048K, 1 young (2048K), 1 survivors (2048K)
 Metaspace       used 38721K, committed 39232K, reserved 1114112K
  class space    used 4317K, committed 4544K, reserved 1048576K
}
Event: 15.396 GC heap before
{Heap before GC invocations=30 (full 0):
 garbage-first heap   total 268288K, used 182640K [0x000000070a000000, 0x0000000800000000)
  region size 2048K, 59 young (120832K), 1 survivors (2048K)
 Metaspace       used 45082K, committed 45568K, reserved 1114112K
  class space    used 4939K, committed 5184K, reserved 1048576K
}
Event: 15.402 GC heap after
{Heap after GC invocations=31 (full 0):
 garbage-first heap   total 268288K, used 73346K [0x000000070a000000, 0x0000000800000000)
  region size 2048K, 5 young (10240K), 5 survivors (10240K)
 Metaspace       used 45082K, committed 45568K, reserved 1114112K
  class space    used 4939K, committed 5184K, reserved 1048576K
}
Event: 16.837 GC heap before
{Heap before GC invocations=31 (full 0):
 garbage-first heap   total 268288K, used 190082K [0x000000070a000000, 0x0000000800000000)
  region size 2048K, 63 young (129024K), 5 survivors (10240K)
 Metaspace       used 47007K, committed 47616K, reserved 1114112K
  class space    used 5153K, committed 5440K, reserved 1048576K
}
Event: 16.842 GC heap after
{Heap after GC invocations=32 (full 0):
 garbage-first heap   total 268288K, used 70734K [0x000000070a000000, 0x0000000800000000)
  region size 2048K, 4 young (8192K), 4 survivors (8192K)
 Metaspace       used 47007K, committed 47616K, reserved 1114112K
  class space    used 5153K, committed 5440K, reserved 1048576K
}
Event: 18.533 GC heap before
{Heap before GC invocations=32 (full 0):
 garbage-first heap   total 268288K, used 197710K [0x000000070a000000, 0x0000000800000000)
  region size 2048K, 66 young (135168K), 4 survivors (8192K)
 Metaspace       used 48740K, committed 49344K, reserved 1114112K
  class space    used 5342K, committed 5632K, reserved 1048576K
}
Event: 18.541 GC heap after
{Heap after GC invocations=33 (full 0):
 garbage-first heap   total 268288K, used 77393K [0x000000070a000000, 0x0000000800000000)
  region size 2048K, 6 young (12288K), 6 survivors (12288K)
 Metaspace       used 48740K, committed 49344K, reserved 1114112K
  class space    used 5342K, committed 5632K, reserved 1048576K
}
Event: 20.374 GC heap before
{Heap before GC invocations=33 (full 0):
 garbage-first heap   total 268288K, used 200273K [0x000000070a000000, 0x0000000800000000)
  region size 2048K, 67 young (137216K), 6 survivors (12288K)
 Metaspace       used 50549K, committed 51136K, reserved 1114112K
  class space    used 5543K, committed 5824K, reserved 1048576K
}
Event: 20.382 GC heap after
{Heap after GC invocations=34 (full 0):
 garbage-first heap   total 268288K, used 79801K [0x000000070a000000, 0x0000000800000000)
  region size 2048K, 6 young (12288K), 6 survivors (12288K)
 Metaspace       used 50549K, committed 51136K, reserved 1114112K
  class space    used 5543K, committed 5824K, reserved 1048576K
}

